<?xml version="1.0" encoding="UTF-8"?>
<!-- Generated by org.testng.reporters.JUnitXMLReporter -->
<testsuite ignored="0" hostname="Abinash" failures="0" tests="9" name="Test" time="0.057" errors="0" timestamp="14 May 2021 12:13:27 GMT">
  <testcase classname="udemy.MavenJava.AppiumTest" name="DemoAppium1" time="0.009"/>
  <testcase classname="udemy.MavenJava.AppiumTest" name="DemoAppium2" time="0.0"/>
  <testcase classname="udemy.MavenJava.AppiumTest" name="DemoAppium3" time="0.0"/>
  <testcase classname="udemy.MavenJava.SeleniumTest" name="DemoSelenium1" time="0.0"/>
  <testcase classname="udemy.MavenJava.SeleniumTest" name="DemoSelenium2" time="0.0"/>
  <testcase classname="udemy.MavenJava.SeleniumTest" name="DemoSelenium3" time="0.001"/>
  <testcase classname="udemy.MavenJava.RESTAPITest" name="DemoRESTAPI1" time="0.007"/>
  <testcase classname="udemy.MavenJava.RESTAPITest" name="DemoRESTAPI2" time="0.0"/>
  <testcase classname="udemy.MavenJava.RESTAPITest" name="DemoRESTAPI3" time="0.001"/>
</testsuite> <!-- Test -->
