<?xml version="1.0" encoding="UTF-8"?>
<testng-results ignored="0" total="1" passed="1" failed="0" skipped="0">
  <reporter-output>
  </reporter-output>
  <suite started-at="2023-02-25T22:44:49 IST" name="Default suite" finished-at="2023-02-25T22:44:49 IST" duration-ms="60">
    <groups>
    </groups>
    <test started-at="2023-02-25T22:44:49 IST" name="Default test" finished-at="2023-02-25T22:44:49 IST" duration-ms="60">
      <class name="javaPackage.StringOperations">
        <test-method signature="stringoperations()[pri:0, instance:javaPackage.StringOperations@2c35e847]" started-at="2023-02-25T22:44:49 IST" name="stringoperations" finished-at="2023-02-25T22:44:49 IST" duration-ms="10" status="PASS">
          <reporter-output>
          </reporter-output>
        </test-method> <!-- stringoperations -->
      </class> <!-- javaPackage.StringOperations -->
    </test> <!-- Default test -->
  </suite> <!-- Default suite -->
</testng-results>
